#
# There is insufficient memory for the Java Runtime Environment to continue.
# Native memory allocation (mmap) failed to map 132120576 bytes for G1 virtual space
# Possible reasons:
#   The system is out of physical RAM or swap space
#   The process is running with CompressedOops enabled, and the Java Heap may be blocking the growth of the native heap
# Possible solutions:
#   Reduce memory load on the system
#   Increase physical memory or swap space
#   Check if swap backing store is full
#   Decrease Java heap size (-Xmx/-Xms)
#   Decrease number of Java threads
#   Decrease Java thread stack sizes (-Xss)
#   Set larger code cache with -XX:ReservedCodeCacheSize=
#   JVM is running with Unscaled Compressed Oops mode in which the Java heap is
#     placed in the first 4GB address space. The Java Heap base address is the
#     maximum limit for the native heap growth. Please use -XX:HeapBaseMinAddress
#     to set the Java Heap base and to place the Java Heap above 4GB virtual address.
# This output file may be truncated or incomplete.
#
#  Out of Memory Error (os_windows.cpp:3825), pid=16924, tid=15308
#
# JRE version:  (17.0.9+8) (build )
# Java VM: OpenJDK 64-Bit Server VM (17.0.9+8-b1166.2, mixed mode, sharing, tiered, compressed oops, compressed class ptrs, g1 gc, windows-amd64)
# No core dump will be written. Minidumps are not enabled by default on client versions of Windows
#

---------------  S U M M A R Y ------------

Command Line: -Dmaven.multiModuleProjectDirectory=C:\Users\eki\OneDrive\Documents\tunsifit -Djansi.passthrough=true -Dmaven.home=D:\IntelliJ IDEA Community Edition 2023.3.4\plugins\maven\lib\maven3 -Dclassworlds.conf=D:\IntelliJ IDEA Community Edition 2023.3.4\plugins\maven\lib\maven3\bin\m2.conf -Dmaven.ext.class.path=D:\IntelliJ IDEA Community Edition 2023.3.4\plugins\maven\lib\maven-event-listener.jar -javaagent:D:\IntelliJ IDEA Community Edition 2023.3.4\lib\idea_rt.jar=64695:D:\IntelliJ IDEA Community Edition 2023.3.4\bin -Dfile.encoding=UTF-8 org.codehaus.classworlds.Launcher -Didea.version=2023.3.4 org.openjfx:javafx-maven-plugin:0.0.8:run

Host: Intel(R) Core(TM) i5-1035G1 CPU @ 1.00GHz, 4 cores, 7G,  Windows 10 , 64 bit Build 19041 (10.0.19041.3636)
Time: Mon Feb 26 02:00:07 2024 Paris, Madrid elapsed time: 0.025036 seconds (0d 0h 0m 0s)

---------------  T H R E A D  ---------------

Current thread (0x000002139e7ef700):  JavaThread "Unknown thread" [_thread_in_vm, id=15308, stack(0x0000008242000000,0x0000008242100000)]

Stack: [0x0000008242000000,0x0000008242100000]
Native frames: (J=compiled Java code, j=interpreted, Vv=VM code, C=native code)
V  [jvm.dll+0x688349]  os::platform_print_native_stack+0xd9  (os_windows_x86.cpp:235)
V  [jvm.dll+0x841bfa]  VMError::report+0xc6a  (vmError.cpp:855)
V  [jvm.dll+0x84383e]  VMError::report_and_die+0x78e  (vmError.cpp:1749)
V  [jvm.dll+0x843ea3]  VMError::report_and_die+0x43  (vmError.cpp:1535)
V  [jvm.dll+0x24bdef]  report_vm_out_of_memory+0x8f  (debug.cpp:321)
V  [jvm.dll+0x6850f9]  os::pd_commit_memory_or_exit+0xc9  (os_windows.cpp:3833)
V  [jvm.dll+0x67988a]  os::commit_memory_or_exit+0x2a  (os.cpp:1739)
V  [jvm.dll+0x30cbfb]  G1PageBasedVirtualSpace::commit+0x19b  (g1PageBasedVirtualSpace.cpp:204)
V  [jvm.dll+0x3140a6]  G1RegionsLargerThanCommitSizeMapper::commit_regions+0x96  (g1RegionToSpaceMapper.cpp:100)
V  [jvm.dll+0x363ede]  HeapRegionManager::expand_any+0xee  (heapRegionManager.cpp:363)
V  [jvm.dll+0x36410f]  HeapRegionManager::expand_by+0x7f  (heapRegionManager.cpp:380)
V  [jvm.dll+0x2e29c8]  G1CollectedHeap::expand+0xb8  (g1CollectedHeap.cpp:1298)
V  [jvm.dll+0x2e3934]  G1CollectedHeap::initialize+0x664  (g1CollectedHeap.cpp:1719)
V  [jvm.dll+0x812771]  universe_init+0xb1  (universe.cpp:736)
V  [jvm.dll+0x371d41]  init_globals+0x31  (init.cpp:124)
V  [jvm.dll+0x7f12bc]  Threads::create_vm+0x60c  (thread.cpp:2909)
V  [jvm.dll+0x3f59cf]  JNI_CreateJavaVM_inner+0x8f  (jni.cpp:3635)
V  [jvm.dll+0x3f7601]  JNI_CreateJavaVM+0x11  (jni.cpp:3727)
C  [jli.dll+0x528f]  JavaMain+0x113  (java.c:413)
C  [ucrtbase.dll+0x21bb2]
C  [KERNEL32.DLL+0x17344]
C  [ntdll.dll+0x526b1]


---------------  P R O C E S S  ---------------

Threads class SMR info:
_java_thread_list=0x00007fffc9a1df18, length=0, elements={
}

Java Threads: ( => current thread )

Other Threads:
  0x000002139e847440 GCTaskThread "GC Thread#0" [stack: 0x0000008242100000,0x0000008242200000] [id=5340]
  0x000002139e858da0 ConcurrentGCThread "G1 Main Marker" [stack: 0x0000008242200000,0x0000008242300000] [id=17032]
  0x000002139e8597c0 ConcurrentGCThread "G1 Conc#0" [stack: 0x0000008242300000,0x0000008242400000] [id=9164]

[error occurred during error reporting (printing all threads), id 0xc0000005, EXCEPTION_ACCESS_VIOLATION (0xc0000005) at pc=0x00007fffc91d3597]

VM state: not at safepoint (not fully initialized)

VM Mutex/Monitor currently owned by a thread:  ([mutex/lock_event])
[0x000002139e7e9bd0] Heap_lock - owner thread: 0x000002139e7ef700

Heap address: 0x0000000083000000, size: 2000 MB, Compressed Oops mode: 32-bit

CDS archive(s) mapped at: [0x0000000000000000-0x0000000000000000-0x0000000000000000), size 0, SharedBaseAddress: 0x0000000800000000, ArchiveRelocationMode: 1.
Narrow klass base: 0x0000000000000000, Narrow klass shift: 0, Narrow klass range: 0x0

GC Precious Log:
<Empty>

Heap:
 garbage-first heap   total 0K, used 0K [0x0000000083000000, 0x0000000100000000)
  region size 1024K, 0 young (0K), 0 survivors (0K)
 Metaspace       used 0K, committed 0K, reserved 0K
  class space    used 0K, committed 0K, reserved 0K

Heap Regions: E=young(eden), S=young(survivor), O=old, HS=humongous(starts), HC=humongous(continues), CS=collection set, F=free, OA=open archive, CA=closed archive, TAMS=top-at-mark-start (previous, next)

Card table byte_map: [0x00000213b13b0000,0x00000213b17a0000] _byte_map_base: 0x00000213b0f98000

Marking Bits (Prev, Next): (CMBitMap*) 0x000002139e848a70, (CMBitMap*) 0x000002139e848ab0
 Prev Bits: [0x00000213b1b90000, 0x00000213b3ad0000)
 Next Bits: [0x00000213b3ad0000, 0x00000213b5a10000)

GC Heap History (0 events):
No events

Dll operation events (1 events):
Event: 0.019 Loaded shared library C:\Users\eki\.jdks\jbr-17.0.9\bin\java.dll

Deoptimization events (0 events):
No events

Classes unloaded (0 events):
No events

Classes redefined (0 events):
No events

Internal exceptions (0 events):
No events

VM Operations (0 events):
No events

Events (0 events):
No events


Dynamic libraries:
0x00007ff6d8bd0000 - 0x00007ff6d8bda000 	C:\Users\eki\.jdks\jbr-17.0.9\bin\java.exe
0x00007ff8098b0000 - 0x00007ff809aa8000 	C:\WINDOWS\SYSTEM32\ntdll.dll
0x00007ff808180000 - 0x00007ff80823d000 	C:\WINDOWS\System32\KERNEL32.DLL
0x00007ff8075f0000 - 0x00007ff8078e6000 	C:\WINDOWS\System32\KERNELBASE.dll
0x00007ff807480000 - 0x00007ff807580000 	C:\WINDOWS\System32\ucrtbase.dll
0x00007ffffed50000 - 0x00007ffffed67000 	C:\Users\eki\.jdks\jbr-17.0.9\bin\jli.dll
0x00007fffefb30000 - 0x00007fffefb4b000 	C:\Users\eki\.jdks\jbr-17.0.9\bin\VCRUNTIME140.dll
0x00007ff808fd0000 - 0x00007ff80916e000 	C:\WINDOWS\System32\USER32.dll
0x00007ff8071d0000 - 0x00007ff8071f2000 	C:\WINDOWS\System32\win32u.dll
0x00007ff8094a0000 - 0x00007ff8094cb000 	C:\WINDOWS\System32\GDI32.dll
0x00007ffff1c20000 - 0x00007ffff1eba000 	C:\WINDOWS\WinSxS\amd64_microsoft.windows.common-controls_6595b64144ccf1df_6.0.19041.3636_none_60b6a03d71f818d5\COMCTL32.dll
0x00007ff807000000 - 0x00007ff807117000 	C:\WINDOWS\System32\gdi32full.dll
0x00007ff8079b0000 - 0x00007ff807a4e000 	C:\WINDOWS\System32\msvcrt.dll
0x00007ff807390000 - 0x00007ff80742d000 	C:\WINDOWS\System32\msvcp_win.dll
0x00007ff809380000 - 0x00007ff8093b2000 	C:\WINDOWS\System32\IMM32.DLL
0x00007ff800490000 - 0x00007ff80049c000 	C:\Users\eki\.jdks\jbr-17.0.9\bin\vcruntime140_1.dll
0x00007fffe2230000 - 0x00007fffe22bd000 	C:\Users\eki\.jdks\jbr-17.0.9\bin\msvcp140.dll
0x00007fffc8ee0000 - 0x00007fffc9b62000 	C:\Users\eki\.jdks\jbr-17.0.9\bin\server\jvm.dll
0x00007ff8078f0000 - 0x00007ff8079a3000 	C:\WINDOWS\System32\ADVAPI32.dll
0x00007ff8096e0000 - 0x00007ff80977f000 	C:\WINDOWS\System32\sechost.dll
0x00007ff808240000 - 0x00007ff808366000 	C:\WINDOWS\System32\RPCRT4.dll
0x00007ff807360000 - 0x00007ff807387000 	C:\WINDOWS\System32\bcrypt.dll
0x00007ffff0c60000 - 0x00007ffff0c87000 	C:\WINDOWS\SYSTEM32\WINMM.dll
0x00007fffe8110000 - 0x00007fffe8119000 	C:\WINDOWS\SYSTEM32\WSOCK32.dll
0x00007ff809800000 - 0x00007ff80986b000 	C:\WINDOWS\System32\WS2_32.dll
0x00007ffffeb90000 - 0x00007ffffeb9a000 	C:\WINDOWS\SYSTEM32\VERSION.dll
0x00007ff806510000 - 0x00007ff80655b000 	C:\WINDOWS\SYSTEM32\POWRPROF.dll
0x00007ff806380000 - 0x00007ff806392000 	C:\WINDOWS\SYSTEM32\UMPDC.dll
0x00007ff8057b0000 - 0x00007ff8057c2000 	C:\WINDOWS\SYSTEM32\kernel.appcore.dll
0x00007ff800470000 - 0x00007ff80047a000 	C:\Users\eki\.jdks\jbr-17.0.9\bin\jimage.dll
0x00007ff804b70000 - 0x00007ff804d54000 	C:\WINDOWS\SYSTEM32\DBGHELP.DLL
0x00007fffebc50000 - 0x00007fffebc84000 	C:\WINDOWS\SYSTEM32\dbgcore.DLL
0x00007ff806f70000 - 0x00007ff806ff2000 	C:\WINDOWS\System32\bcryptPrimitives.dll
0x00007ffffef80000 - 0x00007ffffef8e000 	C:\Users\eki\.jdks\jbr-17.0.9\bin\instrument.dll
0x00007fffed040000 - 0x00007fffed065000 	C:\Users\eki\.jdks\jbr-17.0.9\bin\java.dll

dbghelp: loaded successfully - version: 4.0.5 - missing functions: none
symbol engine: initialized successfully - sym options: 0x614 - pdb path: .;C:\Users\eki\.jdks\jbr-17.0.9\bin;C:\WINDOWS\SYSTEM32;C:\WINDOWS\WinSxS\amd64_microsoft.windows.common-controls_6595b64144ccf1df_6.0.19041.3636_none_60b6a03d71f818d5;C:\Users\eki\.jdks\jbr-17.0.9\bin\server

VM Arguments:
jvm_args: -Dmaven.multiModuleProjectDirectory=C:\Users\eki\OneDrive\Documents\tunsifit -Djansi.passthrough=true -Dmaven.home=D:\IntelliJ IDEA Community Edition 2023.3.4\plugins\maven\lib\maven3 -Dclassworlds.conf=D:\IntelliJ IDEA Community Edition 2023.3.4\plugins\maven\lib\maven3\bin\m2.conf -Dmaven.ext.class.path=D:\IntelliJ IDEA Community Edition 2023.3.4\plugins\maven\lib\maven-event-listener.jar -javaagent:D:\IntelliJ IDEA Community Edition 2023.3.4\lib\idea_rt.jar=64695:D:\IntelliJ IDEA Community Edition 2023.3.4\bin -Dfile.encoding=UTF-8 
java_command: org.codehaus.classworlds.Launcher -Didea.version=2023.3.4 org.openjfx:javafx-maven-plugin:0.0.8:run
java_class_path (initial): D:\IntelliJ IDEA Community Edition 2023.3.4\plugins\maven\lib\maven3\boot\plexus-classworlds-2.7.0.jar;D:\IntelliJ IDEA Community Edition 2023.3.4\plugins\maven\lib\maven3\boot\plexus-classworlds.license
Launcher Type: SUN_STANDARD

[Global flags]
     intx CICompilerCount                          = 3                                         {product} {ergonomic}
     uint ConcGCThreads                            = 1                                         {product} {ergonomic}
     uint G1ConcRefinementThreads                  = 4                                         {product} {ergonomic}
   size_t G1HeapRegionSize                         = 1048576                                   {product} {ergonomic}
    uintx GCDrainStackTargetSize                   = 64                                        {product} {ergonomic}
   size_t InitialHeapSize                          = 132120576                                 {product} {ergonomic}
   size_t MarkStackSize                            = 4194304                                   {product} {ergonomic}
   size_t MaxHeapSize                              = 2097152000                                {product} {ergonomic}
   size_t MinHeapDeltaBytes                        = 1048576                                   {product} {ergonomic}
   size_t MinHeapSize                              = 8388608                                   {product} {ergonomic}
    uintx NonNMethodCodeHeapSize                   = 5832780                                {pd product} {ergonomic}
    uintx NonProfiledCodeHeapSize                  = 122912730                              {pd product} {ergonomic}
    uintx ProfiledCodeHeapSize                     = 122912730                              {pd product} {ergonomic}
    uintx ReservedCodeCacheSize                    = 251658240                              {pd product} {ergonomic}
     bool SegmentedCodeCache                       = true                                      {product} {ergonomic}
   size_t SoftMaxHeapSize                          = 2097152000                             {manageable} {ergonomic}
     bool UseCompressedClassPointers               = true                           {product lp64_product} {ergonomic}
     bool UseCompressedOops                        = true                           {product lp64_product} {ergonomic}
     bool UseG1GC                                  = true                                      {product} {ergonomic}
     bool UseLargePagesIndividualAllocation        = false                                  {pd product} {ergonomic}

Logging:
Log output configuration:
 #0: stdout all=warning uptime,level,tags
 #1: stderr all=off uptime,level,tags

Environment Variables:
PATH=C:\oraclexe\app\oracle\product\11.2.0\server\bin;;C:\Program Files (x86)\VMware\VMware Player\bin\;C:\WINDOWS\system32;C:\WINDOWS;C:\WINDOWS\System32\Wbem;C:\WINDOWS\System32\WindowsPowerShell\v1.0\;C:\WINDOWS\System32\OpenSSH\;C:\ProgramData\ComposerSetup\bin;C:\Program Files\Git\cmd;C:\Users\eki\scoop\shims;C:\Users\eki\AppData\Local\Microsoft\WindowsApps;C:\Users\eki\AppData\Local\Programs\Microsoft VS Code\bin;C:\xampp\php;C:\Users\eki\AppData\Roaming\Composer\vendor\bin;C:\Users\eki\.jdks\bin;
USERNAME=eki
OS=Windows_NT
PROCESSOR_IDENTIFIER=Intel64 Family 6 Model 126 Stepping 5, GenuineIntel
TMP=C:\Users\eki\AppData\Local\Temp
TEMP=C:\Users\eki\AppData\Local\Temp



Periodic native trim disabled

JNI global refs:
JNI global refs: 0, weak refs: 0

JNI global refs memory usage: 0, weak refs: 0

OOME stack traces (most recent first):
Classloader memory used:


---------------  S Y S T E M  ---------------

OS:
 Windows 10 , 64 bit Build 19041 (10.0.19041.3636)
OS uptime: 1 days 5:18 hours

CPU: total 4 (initial active 4) (4 cores per cpu, 2 threads per core) family 6 model 126 stepping 5 microcode 0xa6, cx8, cmov, fxsr, ht, mmx, 3dnowpref, sse, sse2, sse3, ssse3, sse4.1, sse4.2, popcnt, lzcnt, tsc, tscinvbit, avx, avx2, aes, erms, clmul, bmi1, bmi2, adx, avx512f, avx512dq, avx512cd, avx512bw, avx512vl, sha, fma, vzeroupper, avx512_vpopcntdq, avx512_vpclmulqdq, avx512_vaes, avx512_vnni, clflush, clflushopt, avx512_vbmi2, avx512_vbmi
Processor Information for all 4 processors :
  Max Mhz: 1190, Current Mhz: 991, Mhz Limit: 987

Memory: 4k page, system-wide physical 7997M (560M free)
TotalPageFile size 15269M (AvailPageFile size 62M)
current process WorkingSet (physical memory assigned to process): 37M, peak: 37M
current process commit charge ("private bytes"): 78M, peak: 177M

vm_info: OpenJDK 64-Bit Server VM (17.0.9+8-b1166.2) for windows-amd64 JRE (17.0.9+8-b1166.2), built on 2024-01-13 by "builduser" with MS VC++ 16.10 / 16.11 (VS2019)

END.
